"../../../Engine/Content/EngineDebugMaterials/VertexColorViewMode_BlueOnly.uasset" 0
"../../../Engine/Content/EngineDebugMaterials/VertexColorViewMode_BlueOnly.uexp" 1
"F:/Git/desarrollo-avanzado-uade/DesarrolloAvanzado/Content/Interfaces/BPI_I.uasset" 2
"F:/Git/desarrollo-avanzado-uade/DesarrolloAvanzado/Content/Interfaces/BPI_I.uexp" 3
"../../../Engine/Content/EngineMaterials/T_Default_Material_Grid_N.uasset" 4
"../../../Engine/Content/EngineMaterials/T_Default_Material_Grid_N.uexp" 5
"../../../Engine/Content/EngineMaterials/T_Default_Material_Grid_N.ubulk" 6
"../../../Engine/Content/EngineMaterials/T_Default_Material_Grid_M.uasset" 7
"../../../Engine/Content/EngineMaterials/T_Default_Material_Grid_M.uexp" 8
"../../../Engine/Content/EngineMaterials/T_Default_Material_Grid_M.ubulk" 9
"../../../Engine/Content/Functions/Engine_MaterialFunctions01/Opacity/CameraDepthFade.uasset" 10
"../../../Engine/Content/Functions/Engine_MaterialFunctions01/Opacity/CameraDepthFade.uexp" 11
"../../../Engine/Content/EngineMaterials/DefaultMaterial.uasset" 12
"../../../Engine/Content/EngineMaterials/DefaultMaterial.uexp" 13
"../../../Engine/Content/BasicShapes/Cylinder.uasset" 14
"../../../Engine/Content/BasicShapes/Cylinder.uexp" 15
"F:/Git/desarrollo-avanzado-uade/DesarrolloAvanzado/Content/_Main/Icons/Thirst_Icon.uasset" 16
"F:/Git/desarrollo-avanzado-uade/DesarrolloAvanzado/Content/_Main/Icons/Thirst_Icon.uexp" 17
"F:/Git/desarrollo-avanzado-uade/DesarrolloAvanzado/Content/_Main/Icons/Stamina_Icon.uasset" 18
"F:/Git/desarrollo-avanzado-uade/DesarrolloAvanzado/Content/_Main/Icons/Stamina_Icon.uexp" 19
"F:/Git/desarrollo-avanzado-uade/DesarrolloAvanzado/Content/_Main/Icons/Hunger_Icon.uasset" 20
"F:/Git/desarrollo-avanzado-uade/DesarrolloAvanzado/Content/_Main/Icons/Hunger_Icon.uexp" 21
"F:/Git/desarrollo-avanzado-uade/DesarrolloAvanzado/Content/_BP/BPGI_Instance.uasset" 22
"F:/Git/desarrollo-avanzado-uade/DesarrolloAvanzado/Content/_BP/BPGI_Instance.uexp" 23
"F:/Git/desarrollo-avanzado-uade/DesarrolloAvanzado/Content/_BP/BPUI_Stats.uasset" 24
"F:/Git/desarrollo-avanzado-uade/DesarrolloAvanzado/Content/_BP/BPUI_Stats.uexp" 25
"F:/Git/desarrollo-avanzado-uade/DesarrolloAvanzado/Content/Mannequin/Character/Mesh/SK_Mannequin_PhysicsAsset.uasset" 26
"F:/Git/desarrollo-avanzado-uade/DesarrolloAvanzado/Content/Mannequin/Character/Mesh/SK_Mannequin_PhysicsAsset.uexp" 27
"F:/Git/desarrollo-avanzado-uade/DesarrolloAvanzado/Content/Mannequin/Character/Textures/T_UE4Logo_N.uasset" 28
"F:/Git/desarrollo-avanzado-uade/DesarrolloAvanzado/Content/Mannequin/Character/Textures/T_UE4Logo_N.uexp" 29
"F:/Git/desarrollo-avanzado-uade/DesarrolloAvanzado/Content/Mannequin/Character/Textures/T_UE4Logo_N.ubulk" 30
"F:/Git/desarrollo-avanzado-uade/DesarrolloAvanzado/Content/Mannequin/Character/Textures/T_UE4Logo_Mask.uasset" 31
"F:/Git/desarrollo-avanzado-uade/DesarrolloAvanzado/Content/Mannequin/Character/Textures/T_UE4Logo_Mask.uexp" 32
"F:/Git/desarrollo-avanzado-uade/DesarrolloAvanzado/Content/Mannequin/Character/Textures/T_UE4Logo_Mask.ubulk" 33
"F:/Git/desarrollo-avanzado-uade/DesarrolloAvanzado/Content/Mannequin/Character/Textures/T_Male_N.uasset" 34
"F:/Git/desarrollo-avanzado-uade/DesarrolloAvanzado/Content/Mannequin/Character/Textures/T_Male_N.uexp" 35
"F:/Git/desarrollo-avanzado-uade/DesarrolloAvanzado/Content/Mannequin/Character/Textures/T_Male_N.ubulk" 36
"F:/Git/desarrollo-avanzado-uade/DesarrolloAvanzado/Content/Mannequin/Character/Textures/T_Male_Mask.uasset" 37
"F:/Git/desarrollo-avanzado-uade/DesarrolloAvanzado/Content/Mannequin/Character/Textures/T_Male_Mask.uexp" 38
"F:/Git/desarrollo-avanzado-uade/DesarrolloAvanzado/Content/Mannequin/Character/Textures/T_Male_Mask.ubulk" 39
"F:/Git/desarrollo-avanzado-uade/DesarrolloAvanzado/Content/Mannequin/Character/Materials/MaterialLayers/T_ML_Rubber_Blue_01_N.uasset" 40
"F:/Git/desarrollo-avanzado-uade/DesarrolloAvanzado/Content/Mannequin/Character/Materials/MaterialLayers/T_ML_Rubber_Blue_01_N.uexp" 41
"F:/Git/desarrollo-avanzado-uade/DesarrolloAvanzado/Content/Mannequin/Character/Materials/MaterialLayers/T_ML_Rubber_Blue_01_N.ubulk" 42
"F:/Git/desarrollo-avanzado-uade/DesarrolloAvanzado/Content/Mannequin/Character/Materials/MaterialLayers/T_ML_Rubber_Blue_01_D.uasset" 43
"F:/Git/desarrollo-avanzado-uade/DesarrolloAvanzado/Content/Mannequin/Character/Materials/MaterialLayers/T_ML_Rubber_Blue_01_D.uexp" 44
"F:/Git/desarrollo-avanzado-uade/DesarrolloAvanzado/Content/Mannequin/Character/Materials/MaterialLayers/T_ML_Rubber_Blue_01_D.ubulk" 45
"F:/Git/desarrollo-avanzado-uade/DesarrolloAvanzado/Content/Mannequin/Character/Materials/MaterialLayers/T_ML_Aluminum01_N.uasset" 46
"F:/Git/desarrollo-avanzado-uade/DesarrolloAvanzado/Content/Mannequin/Character/Materials/MaterialLayers/T_ML_Aluminum01_N.uexp" 47
"F:/Git/desarrollo-avanzado-uade/DesarrolloAvanzado/Content/Mannequin/Character/Materials/MaterialLayers/T_ML_Aluminum01_N.ubulk" 48
"F:/Git/desarrollo-avanzado-uade/DesarrolloAvanzado/Content/Mannequin/Character/Materials/MaterialLayers/T_ML_Aluminum01.uasset" 49
"F:/Git/desarrollo-avanzado-uade/DesarrolloAvanzado/Content/Mannequin/Character/Materials/MaterialLayers/T_ML_Aluminum01.uexp" 50
"F:/Git/desarrollo-avanzado-uade/DesarrolloAvanzado/Content/Mannequin/Character/Materials/MaterialLayers/T_ML_Aluminum01.ubulk" 51
"../../../Engine/Content/Functions/MaterialLayerFunctions/MatLayerBlend_Simple.uasset" 52
"../../../Engine/Content/Functions/MaterialLayerFunctions/MatLayerBlend_Simple.uexp" 53
"../../../Engine/Content/Functions/Engine_MaterialFunctions02/Utility/BlendAngleCorrectedNormals.uasset" 54
"../../../Engine/Content/Functions/Engine_MaterialFunctions02/Utility/BlendAngleCorrectedNormals.uexp" 55
"../../../Engine/Content/Functions/MaterialLayerFunctions/MatLayerBlend_NormalBlend.uasset" 56
"../../../Engine/Content/Functions/MaterialLayerFunctions/MatLayerBlend_NormalBlend.uexp" 57
"F:/Git/desarrollo-avanzado-uade/DesarrolloAvanzado/Content/Mannequin/Character/Materials/MaterialLayers/ML_SoftMetal_UE4.uasset" 58
"F:/Git/desarrollo-avanzado-uade/DesarrolloAvanzado/Content/Mannequin/Character/Materials/MaterialLayers/ML_SoftMetal_UE4.uexp" 59
"F:/Git/desarrollo-avanzado-uade/DesarrolloAvanzado/Content/Mannequin/Character/Materials/MaterialLayers/ML_Plastic_Shiny_Beige_LOGO.uasset" 60
"F:/Git/desarrollo-avanzado-uade/DesarrolloAvanzado/Content/Mannequin/Character/Materials/MaterialLayers/ML_Plastic_Shiny_Beige_LOGO.uexp" 61
"F:/Git/desarrollo-avanzado-uade/DesarrolloAvanzado/Content/Mannequin/Character/Materials/MaterialLayers/ML_Plastic_Shiny_Beige.uasset" 62
"F:/Git/desarrollo-avanzado-uade/DesarrolloAvanzado/Content/Mannequin/Character/Materials/MaterialLayers/ML_Plastic_Shiny_Beige.uexp" 63
"F:/Git/desarrollo-avanzado-uade/DesarrolloAvanzado/Content/Mannequin/Character/Materials/MaterialLayers/ML_GlossyBlack_Latex_UE4.uasset" 64
"F:/Git/desarrollo-avanzado-uade/DesarrolloAvanzado/Content/Mannequin/Character/Materials/MaterialLayers/ML_GlossyBlack_Latex_UE4.uexp" 65
"F:/Git/desarrollo-avanzado-uade/DesarrolloAvanzado/Content/Mannequin/Character/Materials/M_Male_Body.uasset" 66
"F:/Git/desarrollo-avanzado-uade/DesarrolloAvanzado/Content/Mannequin/Character/Materials/M_Male_Body.uexp" 67
"F:/Git/desarrollo-avanzado-uade/DesarrolloAvanzado/Content/Mannequin/Character/Materials/M_UE4Man_ChestLogo.uasset" 68
"F:/Git/desarrollo-avanzado-uade/DesarrolloAvanzado/Content/Mannequin/Character/Materials/M_UE4Man_ChestLogo.uexp" 69
"F:/Git/desarrollo-avanzado-uade/DesarrolloAvanzado/Content/Mannequin/Character/Mesh/UE4_Mannequin_Skeleton.uasset" 70
"F:/Git/desarrollo-avanzado-uade/DesarrolloAvanzado/Content/Mannequin/Character/Mesh/UE4_Mannequin_Skeleton.uexp" 71
"F:/Git/desarrollo-avanzado-uade/DesarrolloAvanzado/Content/Mannequin/Character/Mesh/SK_Mannequin.uasset" 72
"F:/Git/desarrollo-avanzado-uade/DesarrolloAvanzado/Content/Mannequin/Character/Mesh/SK_Mannequin.uexp" 73
"F:/Git/desarrollo-avanzado-uade/DesarrolloAvanzado/Content/Mannequin/Animations/ThirdPersonWalk.uasset" 74
"F:/Git/desarrollo-avanzado-uade/DesarrolloAvanzado/Content/Mannequin/Animations/ThirdPersonWalk.uexp" 75
"F:/Git/desarrollo-avanzado-uade/DesarrolloAvanzado/Content/Mannequin/Animations/ThirdPersonRun.uasset" 76
"F:/Git/desarrollo-avanzado-uade/DesarrolloAvanzado/Content/Mannequin/Animations/ThirdPersonRun.uexp" 77
"F:/Git/desarrollo-avanzado-uade/DesarrolloAvanzado/Content/Mannequin/Animations/ThirdPersonIdle.uasset" 78
"F:/Git/desarrollo-avanzado-uade/DesarrolloAvanzado/Content/Mannequin/Animations/ThirdPersonIdle.uexp" 79
"F:/Git/desarrollo-avanzado-uade/DesarrolloAvanzado/Content/Mannequin/Animations/ThirdPerson_IdleRun_2D.uasset" 80
"F:/Git/desarrollo-avanzado-uade/DesarrolloAvanzado/Content/Mannequin/Animations/ThirdPerson_IdleRun_2D.uexp" 81
"F:/Git/desarrollo-avanzado-uade/DesarrolloAvanzado/Content/Mannequin/Animations/ThirdPerson_Jump.uasset" 82
"F:/Git/desarrollo-avanzado-uade/DesarrolloAvanzado/Content/Mannequin/Animations/ThirdPerson_Jump.uexp" 83
"F:/Git/desarrollo-avanzado-uade/DesarrolloAvanzado/Content/Mannequin/Animations/ThirdPersonJump_Start.uasset" 84
"F:/Git/desarrollo-avanzado-uade/DesarrolloAvanzado/Content/Mannequin/Animations/ThirdPersonJump_Start.uexp" 85
"F:/Git/desarrollo-avanzado-uade/DesarrolloAvanzado/Content/Mannequin/Animations/ThirdPersonJump_Loop.uasset" 86
"F:/Git/desarrollo-avanzado-uade/DesarrolloAvanzado/Content/Mannequin/Animations/ThirdPersonJump_Loop.uexp" 87
"../../../Engine/Content/EditorBlueprintResources/StandardMacros.uasset" 88
"../../../Engine/Content/EditorBlueprintResources/StandardMacros.uexp" 89
"F:/Git/desarrollo-avanzado-uade/DesarrolloAvanzado/Content/Mannequin/Animations/ThirdPerson_AnimBP.uasset" 90
"F:/Git/desarrollo-avanzado-uade/DesarrolloAvanzado/Content/Mannequin/Animations/ThirdPerson_AnimBP.uexp" 91
"F:/Git/desarrollo-avanzado-uade/DesarrolloAvanzado/Content/ThirdPersonBP/Blueprints/ThirdPersonCharacter.uasset" 92
"F:/Git/desarrollo-avanzado-uade/DesarrolloAvanzado/Content/ThirdPersonBP/Blueprints/ThirdPersonCharacter.uexp" 93
"F:/Git/desarrollo-avanzado-uade/DesarrolloAvanzado/Content/_Main/Prefabs/BP_Agua.uasset" 94
"F:/Git/desarrollo-avanzado-uade/DesarrolloAvanzado/Content/_Main/Prefabs/BP_Agua.uexp" 95
"F:/Git/desarrollo-avanzado-uade/DesarrolloAvanzado/Content/Maps/Forest_Map_BuiltData.uasset" 96
"F:/Git/desarrollo-avanzado-uade/DesarrolloAvanzado/Content/Maps/Forest_Map_BuiltData.uexp" 97
"F:/Git/desarrollo-avanzado-uade/DesarrolloAvanzado/Content/Maps/Forest_Map_BuiltData.ubulk" 98
"../../../Engine/Content/BasicShapes/BasicShapeMaterial.uasset" 99
"../../../Engine/Content/BasicShapes/BasicShapeMaterial.uexp" 100
"F:/Git/desarrollo-avanzado-uade/DesarrolloAvanzado/Content/Brush_Meshes/SM_Bush.uasset" 101
"F:/Git/desarrollo-avanzado-uade/DesarrolloAvanzado/Content/Brush_Meshes/SM_Bush.uexp" 102
"F:/Git/desarrollo-avanzado-uade/DesarrolloAvanzado/Content/Geometry/Meshes/CubeMaterial.uasset" 103
"F:/Git/desarrollo-avanzado-uade/DesarrolloAvanzado/Content/Geometry/Meshes/CubeMaterial.uexp" 104
"F:/Git/desarrollo-avanzado-uade/DesarrolloAvanzado/Content/Geometry/Meshes/1M_Cube_Chamfer.uasset" 105
"F:/Git/desarrollo-avanzado-uade/DesarrolloAvanzado/Content/Geometry/Meshes/1M_Cube_Chamfer.uexp" 106
"F:/Git/desarrollo-avanzado-uade/DesarrolloAvanzado/Content/Interfaces/InteractInterface.uasset" 107
"F:/Git/desarrollo-avanzado-uade/DesarrolloAvanzado/Content/Interfaces/InteractInterface.uexp" 108
"F:/Git/desarrollo-avanzado-uade/DesarrolloAvanzado/Content/Mannequin/Animations/ThirdPersonJump_End.uasset" 109
"F:/Git/desarrollo-avanzado-uade/DesarrolloAvanzado/Content/Mannequin/Animations/ThirdPersonJump_End.uexp" 110
"F:/Git/desarrollo-avanzado-uade/DesarrolloAvanzado/Content/ThirdPersonBP/Blueprints/BP_MyPlayerController.uasset" 111
"F:/Git/desarrollo-avanzado-uade/DesarrolloAvanzado/Content/ThirdPersonBP/Blueprints/BP_MyPlayerController.uexp" 112
"F:/Git/desarrollo-avanzado-uade/DesarrolloAvanzado/Content/ThirdPersonBP/Blueprints/ThirdPersonGameMode.uasset" 113
"F:/Git/desarrollo-avanzado-uade/DesarrolloAvanzado/Content/ThirdPersonBP/Blueprints/ThirdPersonGameMode.uexp" 114
"F:/Git/desarrollo-avanzado-uade/DesarrolloAvanzado/Content/_Main/AI/AIController.uasset" 115
"F:/Git/desarrollo-avanzado-uade/DesarrolloAvanzado/Content/_Main/AI/AIController.uexp" 116
"F:/Git/desarrollo-avanzado-uade/DesarrolloAvanzado/Content/_Main/Icons/Health_Icon.uasset" 117
"F:/Git/desarrollo-avanzado-uade/DesarrolloAvanzado/Content/_Main/Icons/Health_Icon.uexp" 118
"../../../Engine/Content/TemplateResources/M_Template_Master.uasset" 119
"../../../Engine/Content/TemplateResources/M_Template_Master.uexp" 120
"../../../Engine/Content/TemplateResources/MI_Template_BaseGray_02_Metal.uasset" 121
"../../../Engine/Content/TemplateResources/MI_Template_BaseGray_02_Metal.uexp" 122
"../../../Engine/Content/EngineMaterials/WorldGridMaterial.uasset" 123
"../../../Engine/Content/EngineMaterials/WorldGridMaterial.uexp" 124
"../../../Engine/Content/BasicShapes/Cube.uasset" 125
"../../../Engine/Content/BasicShapes/Cube.uexp" 126
"F:/Git/desarrollo-avanzado-uade/DesarrolloAvanzado/Content/_Main/Prefabs/BP_TestMetalSheet.uasset" 127
"F:/Git/desarrollo-avanzado-uade/DesarrolloAvanzado/Content/_Main/Prefabs/BP_TestMetalSheet.uexp" 128
"F:/Git/desarrollo-avanzado-uade/DesarrolloAvanzado/Content/_Main/Prefabs/BP_MetalSheet.uasset" 129
"F:/Git/desarrollo-avanzado-uade/DesarrolloAvanzado/Content/_Main/Prefabs/BP_MetalSheet.uexp" 130
"../../../Engine/Content/BasicShapes/Sphere.uasset" 131
"../../../Engine/Content/BasicShapes/Sphere.uexp" 132
"F:/Git/desarrollo-avanzado-uade/DesarrolloAvanzado/Content/_Main/Prefabs/NPC_Persecutor.uasset" 133
"F:/Git/desarrollo-avanzado-uade/DesarrolloAvanzado/Content/_Main/Prefabs/NPC_Persecutor.uexp" 134
"../../../Engine/Content/Animation/DefaultAnimBoneCompressionSettings.uasset" 135
"../../../Engine/Content/Animation/DefaultAnimBoneCompressionSettings.uexp" 136
"../../../Engine/Content/Animation/DefaultAnimCurveCompressionSettings.uasset" 137
"../../../Engine/Content/Animation/DefaultAnimCurveCompressionSettings.uexp" 138
"../../../Engine/Content/ArtTools/RenderToTexture/Meshes/S_1_Unit_Plane.uasset" 139
"../../../Engine/Content/ArtTools/RenderToTexture/Meshes/S_1_Unit_Plane.uexp" 140
"../../../Engine/Content/BasicShapes/Plane.uasset" 141
"../../../Engine/Content/BasicShapes/Plane.uexp" 142
"../../../Engine/Content/EditorLandscapeResources/DataLayer.uasset" 143
"../../../Engine/Content/EditorLandscapeResources/DataLayer.uexp" 144
"../../../Engine/Content/EditorLandscapeResources/DefaultAlphaTexture.uasset" 145
"../../../Engine/Content/EditorLandscapeResources/DefaultAlphaTexture.uexp" 146
"../../../Engine/Content/EditorMaterials/MAT_Groups_Toggle.uasset" 147
"../../../Engine/Content/EditorMaterials/MAT_Groups_Toggle.uexp" 148
"../../../Engine/Content/EditorMaterials/MAT_Groups_Visibility.uasset" 149
"../../../Engine/Content/EditorMaterials/MAT_Groups_Visibility.uexp" 150
"../../../Engine/Content/EditorMaterials/PreviewShadowIndicator.uasset" 151
"../../../Engine/Content/EditorMaterials/PreviewShadowIndicator.uexp" 152
"../../../Engine/Content/EditorMaterials/PreviewShadowIndicator.ubulk" 153
"../../../Engine/Content/EditorMaterials/PreviewShadowIndicatorMaterial.uasset" 154
"../../../Engine/Content/EditorMaterials/PreviewShadowIndicatorMaterial.uexp" 155
"../../../Engine/Content/EditorMaterials/MatineeGroups/MAT_ColorTrack.uasset" 156
"../../../Engine/Content/EditorMaterials/MatineeGroups/MAT_ColorTrack.uexp" 157
"../../../Engine/Content/EditorMaterials/MatineeGroups/MAT_Groups_Anim.uasset" 158
"../../../Engine/Content/EditorMaterials/MatineeGroups/MAT_Groups_Anim.uexp" 159
"../../../Engine/Content/EditorMaterials/MatineeGroups/MAT_Groups_AudioMaster.uasset" 160
"../../../Engine/Content/EditorMaterials/MatineeGroups/MAT_Groups_AudioMaster.uexp" 161
"../../../Engine/Content/EditorMaterials/MatineeGroups/MAT_Groups_Director.uasset" 162
"../../../Engine/Content/EditorMaterials/MatineeGroups/MAT_Groups_Director.uexp" 163
"../../../Engine/Content/EditorMaterials/MatineeGroups/MAT_Groups_Event.uasset" 164
"../../../Engine/Content/EditorMaterials/MatineeGroups/MAT_Groups_Event.uexp" 165
"../../../Engine/Content/EditorMaterials/MatineeGroups/MAT_Groups_Fade.uasset" 166
"../../../Engine/Content/EditorMaterials/MatineeGroups/MAT_Groups_Fade.uexp" 167
"../../../Engine/Content/EditorMaterials/MatineeGroups/MAT_Groups_Float.uasset" 168
"../../../Engine/Content/EditorMaterials/MatineeGroups/MAT_Groups_Float.uexp" 169
"../../../Engine/Content/EditorMaterials/MatineeGroups/MAT_Groups_Move.uasset" 170
"../../../Engine/Content/EditorMaterials/MatineeGroups/MAT_Groups_Move.uexp" 171
"../../../Engine/Content/EditorMaterials/MatineeGroups/MAT_Groups_Slomo.uasset" 172
"../../../Engine/Content/EditorMaterials/MatineeGroups/MAT_Groups_Slomo.uexp" 173
"../../../Engine/Content/EditorMaterials/MatineeGroups/MAT_Groups_Sound.uasset" 174
"../../../Engine/Content/EditorMaterials/MatineeGroups/MAT_Groups_Sound.uexp" 175
"../../../Engine/Content/EditorMaterials/MatineeGroups/MAT_Groups_Vector.uasset" 176
"../../../Engine/Content/EditorMaterials/MatineeGroups/MAT_Groups_Vector.uexp" 177
"../../../Engine/Content/EditorMaterials/ParticleSystems/PSysThumbnail_NoImage.uasset" 178
"../../../Engine/Content/EditorMaterials/ParticleSystems/PSysThumbnail_NoImage.uexp" 179
"../../../Engine/Content/EditorMaterials/ParticleSystems/PSysThumbnail_NoImage.ubulk" 180
"../../../Engine/Content/EditorMaterials/ParticleSystems/PSysThumbnail_OOD.uasset" 181
"../../../Engine/Content/EditorMaterials/ParticleSystems/PSysThumbnail_OOD.uexp" 182
"../../../Engine/Content/EditorMaterials/ParticleSystems/PSysThumbnail_OOD.ubulk" 183
"../../../Engine/Content/EditorMaterials/Camera/CineMat.uasset" 184
"../../../Engine/Content/EditorMaterials/Camera/CineMat.uexp" 185
"../../../Engine/Content/EditorMaterials/Camera/MI_CineMat_Rig.uasset" 186
"../../../Engine/Content/EditorMaterials/Camera/MI_CineMat_Rig.uexp" 187
"../../../Engine/Content/EditorMeshes/Camera/SM_CraneRig_Arm.uasset" 188
"../../../Engine/Content/EditorMeshes/Camera/SM_CraneRig_Arm.uexp" 189
"../../../Engine/Content/EditorMeshes/Camera/SM_CraneRig_Base.uasset" 190
"../../../Engine/Content/EditorMeshes/Camera/SM_CraneRig_Base.uexp" 191
"../../../Engine/Content/EditorMeshes/Camera/SM_CraneRig_Body.uasset" 192
"../../../Engine/Content/EditorMeshes/Camera/SM_CraneRig_Body.uexp" 193
"../../../Engine/Content/EditorMeshes/Camera/SM_CraneRig_Mount.uasset" 194
"../../../Engine/Content/EditorMeshes/Camera/SM_CraneRig_Mount.uexp" 195
"../../../Engine/Content/EditorMeshes/Camera/SM_RailRig_Mount.uasset" 196
"../../../Engine/Content/EditorMeshes/Camera/SM_RailRig_Mount.uexp" 197
"../../../Engine/Content/EditorMeshes/Camera/SM_RailRig_Track.uasset" 198
"../../../Engine/Content/EditorMeshes/Camera/SM_RailRig_Track.uexp" 199
"../../../Engine/Content/EditorResources/BSPVertex.uasset" 200
"../../../Engine/Content/EditorResources/BSPVertex.uexp" 201
"../../../Engine/Content/EditorResources/EmptyActor.uasset" 202
"../../../Engine/Content/EditorResources/EmptyActor.uexp" 203
"../../../Engine/Content/EditorResources/S_Actor.uasset" 204
"../../../Engine/Content/EditorResources/S_Actor.uexp" 205
"../../../Engine/Content/EditorResources/S_Actor.ubulk" 206
"../../../Engine/Content/EditorResources/S_Note.uasset" 207
"../../../Engine/Content/EditorResources/S_Note.uexp" 208
"../../../Engine/Content/EditorResources/S_Note.ubulk" 209
"../../../Engine/Content/EditorResources/S_Solver.uasset" 210
"../../../Engine/Content/EditorResources/S_Solver.uexp" 211
"../../../Engine/Content/EditorResources/S_Solver.ubulk" 212
"../../../Engine/Content/EditorResources/S_Terrain.uasset" 213
"../../../Engine/Content/EditorResources/S_Terrain.uexp" 214
"../../../Engine/Content/EditorResources/S_Terrain.ubulk" 215
"../../../Engine/Content/EditorResources/S_Trigger.uasset" 216
"../../../Engine/Content/EditorResources/S_Trigger.uexp" 217
"../../../Engine/Content/EditorResources/S_Trigger.ubulk" 218
"../../../Engine/Content/EditorResources/LightIcons/S_LightError.uasset" 219
"../../../Engine/Content/EditorResources/LightIcons/S_LightError.uexp" 220
"../../../Engine/Content/EditorResources/SequenceRecorder/Countdown.uasset" 221
"../../../Engine/Content/EditorResources/SequenceRecorder/Countdown.uexp" 222
"../../../Engine/Content/EditorResources/SequenceRecorder/RecordingIndicator.uasset" 223
"../../../Engine/Content/EditorResources/SequenceRecorder/RecordingIndicator.uexp" 224
"../../../Engine/Content/EngineDamageTypes/DmgTypeBP_Environmental.uasset" 225
"../../../Engine/Content/EngineDamageTypes/DmgTypeBP_Environmental.uexp" 226
"../../../Engine/Content/EngineDebugMaterials/DebugEditorMaterial.uasset" 227
"../../../Engine/Content/EngineDebugMaterials/DebugEditorMaterial.uexp" 228
"../../../Engine/Content/EngineDebugMaterials/DebugMeshMaterial.uasset" 229
"../../../Engine/Content/EngineDebugMaterials/DebugMeshMaterial.uexp" 230
"../../../Engine/Content/EngineDebugMaterials/M_SimpleUnlitTranslucent.uasset" 231
"../../../Engine/Content/EngineDebugMaterials/M_SimpleUnlitTranslucent.uexp" 232
"../../../Engine/Content/EngineDebugMaterials/VolumeToRender.uasset" 233
"../../../Engine/Content/EngineDebugMaterials/VolumeToRender.uexp" 234
"../../../Engine/Content/Functions/Engine_MaterialFunctions02/Utility/CameraDirectionVector.uasset" 235
"../../../Engine/Content/Functions/Engine_MaterialFunctions02/Utility/CameraDirectionVector.uexp" 236
"../../../Engine/Content/EngineDebugMaterials/M_VolumeRenderSphereTracePP.uasset" 237
"../../../Engine/Content/EngineDebugMaterials/M_VolumeRenderSphereTracePP.uexp" 238
"../../../Engine/Content/Functions/Engine_MaterialFunctions01/Shading/ConvertFromDiffSpec.uasset" 239
"../../../Engine/Content/Functions/Engine_MaterialFunctions01/Shading/ConvertFromDiffSpec.uexp" 240
"../../../Engine/Content/EngineDebugMaterials/VertexColorMaterial.uasset" 241
"../../../Engine/Content/EngineDebugMaterials/VertexColorMaterial.uexp" 242
"../../../Engine/Content/EngineDebugMaterials/WireframeMaterial.uasset" 243
"../../../Engine/Content/EngineDebugMaterials/WireframeMaterial.uexp" 244
"../../../Engine/Content/EngineFonts/Faces/RobotoRegular.uasset" 245
"../../../Engine/Content/EngineFonts/Faces/RobotoRegular.uexp" 246
"../../../Engine/Content/EngineFonts/Faces/RobotoRegular.ufont" 247
"../../../Engine/Content/EngineFonts/Faces/RobotoLight.uasset" 248
"../../../Engine/Content/EngineFonts/Faces/RobotoLight.uexp" 249
"../../../Engine/Content/EngineFonts/Faces/RobotoLight.ufont" 250
"../../../Engine/Content/EngineFonts/Faces/RobotoItalic.uasset" 251
"../../../Engine/Content/EngineFonts/Faces/RobotoItalic.uexp" 252
"../../../Engine/Content/EngineFonts/Faces/RobotoItalic.ufont" 253
"../../../Engine/Content/EngineFonts/Faces/RobotoBoldItalic.uasset" 254
"../../../Engine/Content/EngineFonts/Faces/RobotoBoldItalic.uexp" 255
"../../../Engine/Content/EngineFonts/Faces/RobotoBoldItalic.ufont" 256
"../../../Engine/Content/EngineFonts/Faces/RobotoBold.uasset" 257
"../../../Engine/Content/EngineFonts/Faces/RobotoBold.uexp" 258
"../../../Engine/Content/EngineFonts/Faces/RobotoBold.ufont" 259
"../../../Engine/Content/EngineFonts/Faces/DroidSansFallback.uasset" 260
"../../../Engine/Content/EngineFonts/Faces/DroidSansFallback.uexp" 261
"../../../Engine/Content/EngineFonts/Faces/DroidSansFallback.ufont" 262
"../../../Engine/Content/EngineFonts/Roboto.uasset" 263
"../../../Engine/Content/EngineFonts/Roboto.uexp" 264
"../../../Engine/Content/EngineMaterials/BaseFlattenNormalMap.uasset" 265
"../../../Engine/Content/EngineMaterials/BaseFlattenNormalMap.uexp" 266
"../../../Engine/Content/EngineMaterials/BaseFlattenGrayscaleMap.uasset" 267
"../../../Engine/Content/EngineMaterials/BaseFlattenGrayscaleMap.uexp" 268
"../../../Engine/Content/EngineMaterials/BaseFlattenEmissiveMap.uasset" 269
"../../../Engine/Content/EngineMaterials/BaseFlattenEmissiveMap.uexp" 270
"../../../Engine/Content/EngineMaterials/BaseFlattenDiffuseMap.uasset" 271
"../../../Engine/Content/EngineMaterials/BaseFlattenDiffuseMap.uexp" 272
"../../../Engine/Content/EngineMaterials/BaseFlattenMaterial.uasset" 273
"../../../Engine/Content/EngineMaterials/BaseFlattenMaterial.uexp" 274
"../../../Engine/Content/EngineMaterials/BlueNoise.uasset" 275
"../../../Engine/Content/EngineMaterials/BlueNoise.uexp" 276
"../../../Engine/Content/EngineMaterials/DefaultBloomKernel.uasset" 277
"../../../Engine/Content/EngineMaterials/DefaultBloomKernel.uexp" 278
"../../../Engine/Content/EngineMaterials/DefaultBokeh.uasset" 279
"../../../Engine/Content/EngineMaterials/DefaultBokeh.uexp" 280
"../../../Engine/Content/EngineMaterials/DefaultDiffuse.uasset" 281
"../../../Engine/Content/EngineMaterials/DefaultDiffuse.uexp" 282
"../../../Engine/Content/EngineMaterials/DefaultDiffuse.ubulk" 283
"../../../Engine/Content/EngineMaterials/DefaultDeferredDecalMaterial.uasset" 284
"../../../Engine/Content/EngineMaterials/DefaultDeferredDecalMaterial.uexp" 285
"../../../Engine/Content/EngineMaterials/DefaultLightFunctionMaterial.uasset" 286
"../../../Engine/Content/EngineMaterials/DefaultLightFunctionMaterial.uexp" 287
"../../../Engine/Content/Functions/Engine_MaterialFunctions02/Utility/BreakOutFloat2Components.uasset" 288
"../../../Engine/Content/Functions/Engine_MaterialFunctions02/Utility/BreakOutFloat2Components.uexp" 289
"../../../Engine/Content/EngineMaterials/DefaultPostProcessMaterial.uasset" 290
"../../../Engine/Content/EngineMaterials/DefaultPostProcessMaterial.uexp" 291
"../../../Engine/Content/EngineFonts/RobotoDistanceField.uasset" 292
"../../../Engine/Content/EngineFonts/RobotoDistanceField.uexp" 293
"../../../Engine/Content/EngineMaterials/DefaultTextMaterialOpaque.uasset" 294
"../../../Engine/Content/EngineMaterials/DefaultTextMaterialOpaque.uexp" 295
"../../../Engine/Content/EngineMaterials/DefaultWhiteGrid.uasset" 296
"../../../Engine/Content/EngineMaterials/DefaultWhiteGrid.uexp" 297
"../../../Engine/Content/EngineMaterials/DefaultWhiteGrid.ubulk" 298
"../../../Engine/Content/EngineMaterials/DefaultWhiteGrid_Low.uasset" 299
"../../../Engine/Content/EngineMaterials/DefaultWhiteGrid_Low.uexp" 300
"../../../Engine/Content/EngineMaterials/EmissiveMeshMaterial.uasset" 301
"../../../Engine/Content/EngineMaterials/EmissiveMeshMaterial.uexp" 302
"../../../Engine/Content/EngineMaterials/GizmoMaterial.uasset" 303
"../../../Engine/Content/EngineMaterials/GizmoMaterial.uexp" 304
"../../../Engine/Content/EngineMaterials/Good64x64TilingNoiseHighFreq.uasset" 305
"../../../Engine/Content/EngineMaterials/Good64x64TilingNoiseHighFreq.uexp" 306
"../../../Engine/Content/EngineMaterials/MiniFont.uasset" 307
"../../../Engine/Content/EngineMaterials/MiniFont.uexp" 308
"../../../Engine/Content/EngineMaterials/InvalidLightmapSettings.uasset" 309
"../../../Engine/Content/EngineMaterials/InvalidLightmapSettings.uexp" 310
"../../../Engine/Content/EngineMaterials/InvalidLightmapSettings.ubulk" 311
"../../../Engine/Content/EngineMaterials/M_InvalidLightmapSettings.uasset" 312
"../../../Engine/Content/EngineMaterials/M_InvalidLightmapSettings.uexp" 313
"../../../Engine/Content/Functions/Engine_MaterialFunctions02/WorldPositionOffset/CameraOffset.uasset" 314
"../../../Engine/Content/Functions/Engine_MaterialFunctions02/WorldPositionOffset/CameraOffset.uexp" 315
"../../../Engine/Content/EngineMaterials/PhAT_JointLimitMaterial.uasset" 316
"../../../Engine/Content/EngineMaterials/PhAT_JointLimitMaterial.uexp" 317
"../../../Engine/Content/EngineMaterials/DefaultCalibrationColor.uasset" 318
"../../../Engine/Content/EngineMaterials/DefaultCalibrationColor.uexp" 319
"../../../Engine/Content/EngineMaterials/PPM_DefaultCalibrationColor.uasset" 320
"../../../Engine/Content/EngineMaterials/PPM_DefaultCalibrationColor.uexp" 321
"../../../Engine/Content/EngineMaterials/DefaultCalibrationGrayscale.uasset" 322
"../../../Engine/Content/EngineMaterials/DefaultCalibrationGrayscale.uexp" 323
"../../../Engine/Content/EngineMaterials/PPM_DefaultCalibrationGrayscale.uasset" 324
"../../../Engine/Content/EngineMaterials/PPM_DefaultCalibrationGrayscale.uexp" 325
"../../../Engine/Content/EngineMaterials/PreintegratedSkinBRDF.uasset" 326
"../../../Engine/Content/EngineMaterials/PreintegratedSkinBRDF.uexp" 327
"../../../Engine/Content/EngineMaterials/RemoveSurfaceMaterial.uasset" 328
"../../../Engine/Content/EngineMaterials/RemoveSurfaceMaterial.uexp" 329
"../../../Engine/Content/EngineMaterials/WeightMapPlaceholderTexture.uasset" 330
"../../../Engine/Content/EngineMaterials/WeightMapPlaceholderTexture.uexp" 331
"../../../Engine/Content/EngineResources/WhiteSquareTexture.uasset" 332
"../../../Engine/Content/EngineResources/WhiteSquareTexture.uexp" 333
"../../../Engine/Content/EngineMaterials/Widget3DPassThrough.uasset" 334
"../../../Engine/Content/EngineMaterials/Widget3DPassThrough.uexp" 335
"../../../Engine/Content/EngineMaterials/Widget3DPassThrough_Masked.uasset" 336
"../../../Engine/Content/EngineMaterials/Widget3DPassThrough_Masked.uexp" 337
"../../../Engine/Content/EngineMaterials/Widget3DPassThrough_Opaque.uasset" 338
"../../../Engine/Content/EngineMaterials/Widget3DPassThrough_Opaque.uexp" 339
"../../../Engine/Content/EngineMaterials/Widget3DPassThrough_Masked_OneSided.uasset" 340
"../../../Engine/Content/EngineMaterials/Widget3DPassThrough_Masked_OneSided.uexp" 341
"../../../Engine/Content/EngineMaterials/Widget3DPassThrough_Opaque_OneSided.uasset" 342
"../../../Engine/Content/EngineMaterials/Widget3DPassThrough_Opaque_OneSided.uexp" 343
"../../../Engine/Content/EngineMaterials/Widget3DPassThrough_Translucent.uasset" 344
"../../../Engine/Content/EngineMaterials/Widget3DPassThrough_Translucent.uexp" 345
"../../../Engine/Content/EngineMaterials/Widget3DPassThrough_Translucent_OneSided.uasset" 346
"../../../Engine/Content/EngineMaterials/Widget3DPassThrough_Translucent_OneSided.uexp" 347
"../../../Engine/Content/EngineMeshes/Cylinder.uasset" 348
"../../../Engine/Content/EngineMeshes/Cylinder.uexp" 349
"../../../Engine/Content/EngineMeshes/Sphere.uasset" 350
"../../../Engine/Content/EngineMeshes/Sphere.uexp" 351
"../../../Engine/Content/EngineResources/DefaultTexture.uasset" 352
"../../../Engine/Content/EngineResources/DefaultTexture.uexp" 353
"../../../Engine/Content/EngineResources/DefaultTexture.ubulk" 354
"../../../Engine/Content/EngineResources/DefaultTextureCube.uasset" 355
"../../../Engine/Content/EngineResources/DefaultTextureCube.uexp" 356
"../../../Engine/Content/EngineResources/DefaultVolumeTexture2D.uasset" 357
"../../../Engine/Content/EngineResources/DefaultVolumeTexture2D.uexp" 358
"../../../Engine/Content/EngineResources/DefaultVolumeTexture.uasset" 359
"../../../Engine/Content/EngineResources/DefaultVolumeTexture.uexp" 360
"../../../Engine/Content/EngineResources/GradientTexture0.uasset" 361
"../../../Engine/Content/EngineResources/GradientTexture0.uexp" 362
"../../../Engine/Content/EngineSky/VolumetricClouds/T_NoiseShape64.uasset" 363
"../../../Engine/Content/EngineSky/VolumetricClouds/T_NoiseShape64.uexp" 364
"../../../Engine/Content/EngineSky/VolumetricClouds/T_NoiseShape64.ubulk" 365
"../../../Engine/Content/EngineSky/VolumetricClouds/T_VolumeNoiseShape64.uasset" 366
"../../../Engine/Content/EngineSky/VolumetricClouds/T_VolumeNoiseShape64.uexp" 367
"../../../Engine/Content/EngineSky/VolumetricClouds/T_NoiseErosion.uasset" 368
"../../../Engine/Content/EngineSky/VolumetricClouds/T_NoiseErosion.uexp" 369
"../../../Engine/Content/EngineSky/VolumetricClouds/T_NoiseErosion.ubulk" 370
"../../../Engine/Content/EngineSky/VolumetricClouds/T_VolumeNoiseErosion32.uasset" 371
"../../../Engine/Content/EngineSky/VolumetricClouds/T_VolumeNoiseErosion32.uexp" 372
"../../../Engine/Content/EngineSky/VolumetricClouds/CloudWeatherTexture.uasset" 373
"../../../Engine/Content/EngineSky/VolumetricClouds/CloudWeatherTexture.uexp" 374
"../../../Engine/Content/EngineSky/VolumetricClouds/CloudGradientTexture.uasset" 375
"../../../Engine/Content/EngineSky/VolumetricClouds/CloudGradientTexture.uexp" 376
"../../../Engine/Content/Functions/Engine_MaterialFunctions02/Utility/MakeFloat2.uasset" 377
"../../../Engine/Content/Functions/Engine_MaterialFunctions02/Utility/MakeFloat2.uexp" 378
"../../../Engine/Content/EngineSky/VolumetricClouds/m_SimpleVolumetricCloud.uasset" 379
"../../../Engine/Content/EngineSky/VolumetricClouds/m_SimpleVolumetricCloud.uexp" 380
"../../../Engine/Content/EngineSky/VolumetricClouds/m_SimpleVolumetricCloud_Inst.uasset" 381
"../../../Engine/Content/EngineSky/VolumetricClouds/m_SimpleVolumetricCloud_Inst.uexp" 382
"../../../Engine/Content/EngineSounds/Master.uasset" 383
"../../../Engine/Content/EngineSounds/Master.uexp" 384
"../../../Engine/Content/Functions/Engine_MaterialFunctions01/Shading/PowerToRoughness.uasset" 385
"../../../Engine/Content/Functions/Engine_MaterialFunctions01/Shading/PowerToRoughness.uexp" 386
"../../../Engine/Content/Maps/Templates/Thumbnails/Default.uasset" 387
"../../../Engine/Content/Maps/Templates/Thumbnails/Default.uexp" 388
"../../../Engine/Content/Maps/Templates/Thumbnails/TimeOfDay.uasset" 389
"../../../Engine/Content/Maps/Templates/Thumbnails/TimeOfDay.uexp" 390
"../../../Engine/Content/Maps/Templates/Thumbnails/VR-Basic.uasset" 391
"../../../Engine/Content/Maps/Templates/Thumbnails/VR-Basic.uexp" 392
"../../../Engine/Content/MobileResources/T_MobileControls_texture.uasset" 393
"../../../Engine/Content/MobileResources/T_MobileControls_texture.uexp" 394
"../../../Engine/Content/MobileResources/T_MobileMenu2.uasset" 395
"../../../Engine/Content/MobileResources/T_MobileMenu2.uexp" 396
"../../../Engine/Content/MobileResources/HUD/AnalogHat.uasset" 397
"../../../Engine/Content/MobileResources/HUD/AnalogHat.uexp" 398
"../../../Engine/Content/MobileResources/HUD/VirtualJoystick_Thumb.uasset" 399
"../../../Engine/Content/MobileResources/HUD/VirtualJoystick_Thumb.uexp" 400
"../../../Engine/Content/MobileResources/HUD/VirtualJoystick_Background.uasset" 401
"../../../Engine/Content/MobileResources/HUD/VirtualJoystick_Background.uexp" 402
"../../../Engine/Content/MobileResources/HUD/DefaultVirtualJoysticks.uasset" 403
"../../../Engine/Content/MobileResources/HUD/DefaultVirtualJoysticks.uexp" 404
"../../../Engine/Content/MobileResources/HUD/LeftVirtualJoystickOnly.uasset" 405
"../../../Engine/Content/MobileResources/HUD/LeftVirtualJoystickOnly.uexp" 406
"../../../Engine/Content/MobileResources/HUD/MobileHUDButton1_off.uasset" 407
"../../../Engine/Content/MobileResources/HUD/MobileHUDButton1_off.uexp" 408
"../../../Engine/Content/MobileResources/HUD/MobileHUDButton1_on.uasset" 409
"../../../Engine/Content/MobileResources/HUD/MobileHUDButton1_on.uexp" 410
"../../../Engine/Content/MobileResources/HUD/MobileHUDButton2_off.uasset" 411
"../../../Engine/Content/MobileResources/HUD/MobileHUDButton2_off.uexp" 412
"../../../Engine/Content/MobileResources/HUD/MobileHUDButton2_on.uasset" 413
"../../../Engine/Content/MobileResources/HUD/MobileHUDButton2_on.uexp" 414
"../../../Engine/Content/MobileResources/HUD/MobileHUDButton3.uasset" 415
"../../../Engine/Content/MobileResources/HUD/MobileHUDButton3.uexp" 416
"../../../Engine/Content/MobileResources/HUD/MobileHUDButtonFire.uasset" 417
"../../../Engine/Content/MobileResources/HUD/MobileHUDButtonFire.uexp" 418
"../../../Engine/Content/MobileResources/HUD/MobileHUDDirectionPad.uasset" 419
"../../../Engine/Content/MobileResources/HUD/MobileHUDDirectionPad.uexp" 420
"../../../Engine/Content/MobileResources/HUD/MobileHUDDirectionPad2.uasset" 421
"../../../Engine/Content/MobileResources/HUD/MobileHUDDirectionPad2.uexp" 422
"../../../Engine/Content/MobileResources/HUD/MobileHUDDirectionPad3.uasset" 423
"../../../Engine/Content/MobileResources/HUD/MobileHUDDirectionPad3.uexp" 424
"../../../Engine/Content/MobileResources/HUD/MobileHUDDirectionStick.uasset" 425
"../../../Engine/Content/MobileResources/HUD/MobileHUDDirectionStick.uexp" 426
"../../../Engine/Content/MobileResources/HUD/T_Castle_ThumbstickInner.uasset" 427
"../../../Engine/Content/MobileResources/HUD/T_Castle_ThumbstickInner.uexp" 428
"../../../Engine/Content/MobileResources/HUD/T_Castle_ThumbstickOutter.uasset" 429
"../../../Engine/Content/MobileResources/HUD/T_Castle_ThumbstickOutter.uexp" 430
"../../../Engine/Content/Tutorial/ContentIntroCurve.uasset" 431
"../../../Engine/Content/Tutorial/ContentIntroCurve.uexp" 432
"../../../Engine/Content/VREditor/TransformGizmo/TranslucentTransformGizmoMaterial.uasset" 433
"../../../Engine/Content/VREditor/TransformGizmo/TranslucentTransformGizmoMaterial.uexp" 434
"../../../Engine/Content/VREditor/LaserPointer/VR_LaserPower_01.uasset" 435
"../../../Engine/Content/VREditor/LaserPointer/VR_LaserPower_01.uexp" 436
"../../../Engine/Content/VREditor/LaserPointer/VR_LaserPower_01.ubulk" 437
"../../../Engine/Content/VREditor/TransformGizmo/TransformGizmoMaterial.uasset" 438
"../../../Engine/Content/VREditor/TransformGizmo/TransformGizmoMaterial.uexp" 439
"../../../Engine/Content/VREditor/TransformGizmo/BoundingBoxCorner.uasset" 440
"../../../Engine/Content/VREditor/TransformGizmo/BoundingBoxCorner.uexp" 441
"../../../Engine/Content/VREditor/TransformGizmo/BoundingBoxEdge.uasset" 442
"../../../Engine/Content/VREditor/TransformGizmo/BoundingBoxEdge.uexp" 443
"../../../Engine/Content/VREditor/TransformGizmo/PlaneTranslationHandle.uasset" 444
"../../../Engine/Content/VREditor/TransformGizmo/PlaneTranslationHandle.uexp" 445
"../../../Engine/Content/VREditor/TransformGizmo/Xray.uasset" 446
"../../../Engine/Content/VREditor/TransformGizmo/Xray.uexp" 447
"../../../Engine/Content/VREditor/TransformGizmo/Main.uasset" 448
"../../../Engine/Content/VREditor/TransformGizmo/Main.uexp" 449
"../../../Engine/Content/VREditor/TransformGizmo/SM_Sequencer_Key.uasset" 450
"../../../Engine/Content/VREditor/TransformGizmo/SM_Sequencer_Key.uexp" 451
"../../../Engine/Content/VREditor/TransformGizmo/SM_Sequencer_Node.uasset" 452
"../../../Engine/Content/VREditor/TransformGizmo/SM_Sequencer_Node.uexp" 453
"../../../Engine/Plugins/2D/Paper2D/Content/PlaceholderTextures/DummySpriteTexture.uasset" 454
"../../../Engine/Plugins/2D/Paper2D/Content/PlaceholderTextures/DummySpriteTexture.uexp" 455
"../../../Engine/Plugins/2D/Paper2D/Content/PlaceholderTextures/DummySpriteTexture.ubulk" 456
"../../../Engine/Plugins/2D/Paper2D/Content/DummySprite.uasset" 457
"../../../Engine/Plugins/2D/Paper2D/Content/DummySprite.uexp" 458
"../../../Engine/Plugins/2D/Paper2D/Content/DefaultPaperTerrainMaterial.uasset" 459
"../../../Engine/Plugins/2D/Paper2D/Content/DefaultPaperTerrainMaterial.uexp" 460
"../../../Engine/Plugins/2D/Paper2D/Content/DefaultSpriteMaterial.uasset" 461
"../../../Engine/Plugins/2D/Paper2D/Content/DefaultSpriteMaterial.uexp" 462
"../../../Engine/Plugins/2D/Paper2D/Content/MaskedUnlitSpriteMaterial.uasset" 463
"../../../Engine/Plugins/2D/Paper2D/Content/MaskedUnlitSpriteMaterial.uexp" 464
"../../../Engine/Plugins/2D/Paper2D/Content/OpaqueUnlitSpriteMaterial.uasset" 465
"../../../Engine/Plugins/2D/Paper2D/Content/OpaqueUnlitSpriteMaterial.uexp" 466
"../../../Engine/Content/Functions/Engine_MaterialFunctions02/Utility/VectorLength.uasset" 467
"../../../Engine/Content/Functions/Engine_MaterialFunctions02/Utility/VectorLength.uexp" 468
"../../../Engine/Content/Functions/Engine_MaterialFunctions02/ObjectLocalBounds.uasset" 469
"../../../Engine/Content/Functions/Engine_MaterialFunctions02/ObjectLocalBounds.uexp" 470
"../../../Engine/Content/Functions/Engine_MaterialFunctions02/WorldPositionOffset/ObjectScale.uasset" 471
"../../../Engine/Content/Functions/Engine_MaterialFunctions02/WorldPositionOffset/ObjectScale.uexp" 472
"../../../Engine/Content/Functions/Engine_MaterialFunctions02/Utility/BreakOutFloat3Components.uasset" 473
"../../../Engine/Content/Functions/Engine_MaterialFunctions02/Utility/BreakOutFloat3Components.uexp" 474
"../../../Engine/Plugins/Editor/SpeedTreeImporter/Content/SpeedTree9/UnpackInteger3.uasset" 475
"../../../Engine/Plugins/Editor/SpeedTreeImporter/Content/SpeedTree9/UnpackInteger3.uexp" 476
"../../../Engine/Plugins/Editor/SpeedTreeImporter/Content/SpeedTree9/UnpackDirection.uasset" 477
"../../../Engine/Plugins/Editor/SpeedTreeImporter/Content/SpeedTree9/UnpackDirection.uexp" 478
"../../../Engine/Plugins/Editor/SpeedTreeImporter/Content/SpeedTree9/game_wind_noise.uasset" 479
"../../../Engine/Plugins/Editor/SpeedTreeImporter/Content/SpeedTree9/game_wind_noise.uexp" 480
"../../../Engine/Plugins/Editor/SpeedTreeImporter/Content/SpeedTree9/game_wind_noise.ubulk" 481
"../../../Engine/Content/Functions/Engine_MaterialFunctions02/SafeNormalize.uasset" 482
"../../../Engine/Content/Functions/Engine_MaterialFunctions02/SafeNormalize.uexp" 483
"../../../Engine/Plugins/Editor/SpeedTreeImporter/Content/SpeedTree9/SpeedTreeWindMotion.uasset" 484
"../../../Engine/Plugins/Editor/SpeedTreeImporter/Content/SpeedTree9/SpeedTreeWindMotion.uexp" 485
"../../../Engine/Plugins/Editor/SpeedTreeImporter/Content/SpeedTree9/SpeedTreeBranchMotion.uasset" 486
"../../../Engine/Plugins/Editor/SpeedTreeImporter/Content/SpeedTree9/SpeedTreeBranchMotion.uexp" 487
"../../../Engine/Content/Functions/Engine_MaterialFunctions02/UVs/BoundingBoxBased_0-1_UVW.uasset" 488
"../../../Engine/Content/Functions/Engine_MaterialFunctions02/UVs/BoundingBoxBased_0-1_UVW.uexp" 489
"../../../Engine/Plugins/Editor/SpeedTreeImporter/Content/SpeedTree9/SpeedTreeWind.uasset" 490
"../../../Engine/Plugins/Editor/SpeedTreeImporter/Content/SpeedTree9/SpeedTreeWind.uexp" 491
"../../../Engine/Plugins/Editor/SpeedTreeImporter/Content/SpeedTree9/SpeedTreeBillboard.uasset" 492
"../../../Engine/Plugins/Editor/SpeedTreeImporter/Content/SpeedTree9/SpeedTreeBillboard.uexp" 493
"../../../Engine/Plugins/Editor/SpeedTreeImporter/Content/SpeedTree9/EmptyNormal.uasset" 494
"../../../Engine/Plugins/Editor/SpeedTreeImporter/Content/SpeedTree9/EmptyNormal.uexp" 495
"../../../Engine/Plugins/Editor/SpeedTreeImporter/Content/SpeedTree9/Empty.uasset" 496
"../../../Engine/Plugins/Editor/SpeedTreeImporter/Content/SpeedTree9/Empty.uexp" 497
"../../../Engine/Plugins/Editor/SpeedTreeImporter/Content/SpeedTree9/SpeedTreeBillboardMaster.uasset" 498
"../../../Engine/Plugins/Editor/SpeedTreeImporter/Content/SpeedTree9/SpeedTreeBillboardMaster.uexp" 499
"../../../Engine/Plugins/Editor/SpeedTreeImporter/Content/SpeedTree9/SpeedTreeCameraFacing.uasset" 500
"../../../Engine/Plugins/Editor/SpeedTreeImporter/Content/SpeedTree9/SpeedTreeCameraFacing.uexp" 501
"../../../Engine/Plugins/Editor/SpeedTreeImporter/Content/SpeedTree9/SpeedTreeMaster.uasset" 502
"../../../Engine/Plugins/Editor/SpeedTreeImporter/Content/SpeedTree9/SpeedTreeMaster.uexp" 503
"../../../Engine/Content/ArtTools/RenderToTexture/Materials/Debug/M_Emissive_Color.uasset" 504
"../../../Engine/Content/ArtTools/RenderToTexture/Materials/Debug/M_Emissive_Color.uexp" 505
"../../../Engine/Plugins/Lumin/MagicLeapPassableWorld/Content/MagicLeapARPinInfoActor.uasset" 506
"../../../Engine/Plugins/Lumin/MagicLeapPassableWorld/Content/MagicLeapARPinInfoActor.uexp" 507
"../../../Engine/Plugins/Runtime/OpenXR/Content/Devices/GoogleDaydream/MRTexture.uasset" 508
"../../../Engine/Plugins/Runtime/OpenXR/Content/Devices/GoogleDaydream/MRTexture.uexp" 509
"../../../Engine/Plugins/Runtime/OpenXR/Content/Devices/GoogleDaydream/MRTexture.ubulk" 510
"../../../Engine/Plugins/Runtime/OpenXR/Content/Devices/GoogleDaydream/BaseTexture.uasset" 511
"../../../Engine/Plugins/Runtime/OpenXR/Content/Devices/GoogleDaydream/BaseTexture.uexp" 512
"../../../Engine/Plugins/Runtime/OpenXR/Content/Devices/GoogleDaydream/BaseTexture.ubulk" 513
"../../../Engine/Content/EngineResources/Black.uasset" 514
"../../../Engine/Content/EngineResources/Black.uexp" 515
"../../../Engine/Plugins/Runtime/OpenXR/Content/Devices/M_XRController.uasset" 516
"../../../Engine/Plugins/Runtime/OpenXR/Content/Devices/M_XRController.uexp" 517
"../../../Engine/Plugins/Runtime/OpenXR/Content/Devices/GoogleDaydream/MI_GoogleDaydream.uasset" 518
"../../../Engine/Plugins/Runtime/OpenXR/Content/Devices/GoogleDaydream/MI_GoogleDaydream.uexp" 519
"../../../Engine/Plugins/Runtime/OpenXR/Content/Devices/GoogleDaydream/GoogleDaydreamController.uasset" 520
"../../../Engine/Plugins/Runtime/OpenXR/Content/Devices/GoogleDaydream/GoogleDaydreamController.uexp" 521
"../../../Engine/Plugins/Runtime/OpenXR/Content/Devices/HTCVive/BaseTexture.uasset" 522
"../../../Engine/Plugins/Runtime/OpenXR/Content/Devices/HTCVive/BaseTexture.uexp" 523
"../../../Engine/Plugins/Runtime/OpenXR/Content/Devices/HTCVive/BaseTexture.ubulk" 524
"../../../Engine/Plugins/Runtime/OpenXR/Content/Devices/HTCVive/MI_HTCVive.uasset" 525
"../../../Engine/Plugins/Runtime/OpenXR/Content/Devices/HTCVive/MI_HTCVive.uexp" 526
"../../../Engine/Plugins/Runtime/OpenXR/Content/Devices/HTCVive/HTCViveController.uasset" 527
"../../../Engine/Plugins/Runtime/OpenXR/Content/Devices/HTCVive/HTCViveController.uexp" 528
"../../../Engine/Plugins/Runtime/OpenXR/Content/Devices/MicrosoftMixedReality/NormalTexture.uasset" 529
"../../../Engine/Plugins/Runtime/OpenXR/Content/Devices/MicrosoftMixedReality/NormalTexture.uexp" 530
"../../../Engine/Plugins/Runtime/OpenXR/Content/Devices/MicrosoftMixedReality/NormalTexture.ubulk" 531
"../../../Engine/Plugins/Runtime/OpenXR/Content/Devices/MicrosoftMixedReality/MRTexture.uasset" 532
"../../../Engine/Plugins/Runtime/OpenXR/Content/Devices/MicrosoftMixedReality/MRTexture.uexp" 533
"../../../Engine/Plugins/Runtime/OpenXR/Content/Devices/MicrosoftMixedReality/MRTexture.ubulk" 534
"../../../Engine/Plugins/Runtime/OpenXR/Content/Devices/MicrosoftMixedReality/EmissiveTexture.uasset" 535
"../../../Engine/Plugins/Runtime/OpenXR/Content/Devices/MicrosoftMixedReality/EmissiveTexture.uexp" 536
"../../../Engine/Plugins/Runtime/OpenXR/Content/Devices/MicrosoftMixedReality/EmissiveTexture.ubulk" 537
"../../../Engine/Plugins/Runtime/OpenXR/Content/Devices/MicrosoftMixedReality/BaseTexture.uasset" 538
"../../../Engine/Plugins/Runtime/OpenXR/Content/Devices/MicrosoftMixedReality/BaseTexture.uexp" 539
"../../../Engine/Plugins/Runtime/OpenXR/Content/Devices/MicrosoftMixedReality/BaseTexture.ubulk" 540
"../../../Engine/Plugins/Runtime/OpenXR/Content/Devices/MicrosoftMixedReality/MI_MicrosoftMixedReality.uasset" 541
"../../../Engine/Plugins/Runtime/OpenXR/Content/Devices/MicrosoftMixedReality/MI_MicrosoftMixedReality.uexp" 542
"../../../Engine/Plugins/Runtime/OpenXR/Content/Devices/MicrosoftMixedReality/Left/left_MicrosoftMixedRealityController.uasset" 543
"../../../Engine/Plugins/Runtime/OpenXR/Content/Devices/MicrosoftMixedReality/Left/left_MicrosoftMixedRealityController.uexp" 544
"../../../Engine/Plugins/Runtime/OpenXR/Content/Devices/MicrosoftMixedReality/Right/right_MicrosoftMixedRealityController.uasset" 545
"../../../Engine/Plugins/Runtime/OpenXR/Content/Devices/MicrosoftMixedReality/Right/right_MicrosoftMixedRealityController.uexp" 546
"../../../Engine/Plugins/Runtime/OpenXR/Content/Devices/OculusGo/BaseTexture.uasset" 547
"../../../Engine/Plugins/Runtime/OpenXR/Content/Devices/OculusGo/BaseTexture.uexp" 548
"../../../Engine/Plugins/Runtime/OpenXR/Content/Devices/OculusGo/BaseTexture.ubulk" 549
"../../../Engine/Plugins/Runtime/OpenXR/Content/Devices/OculusGo/MI_OculusGo.uasset" 550
"../../../Engine/Plugins/Runtime/OpenXR/Content/Devices/OculusGo/MI_OculusGo.uexp" 551
"../../../Engine/Plugins/Runtime/OpenXR/Content/Devices/OculusGo/OculusGoController.uasset" 552
"../../../Engine/Plugins/Runtime/OpenXR/Content/Devices/OculusGo/OculusGoController.uexp" 553
"../../../Engine/Plugins/Runtime/OpenXR/Content/Devices/OculusTouch/MRTexture.uasset" 554
"../../../Engine/Plugins/Runtime/OpenXR/Content/Devices/OculusTouch/MRTexture.uexp" 555
"../../../Engine/Plugins/Runtime/OpenXR/Content/Devices/OculusTouch/MRTexture.ubulk" 556
"../../../Engine/Plugins/Runtime/OpenXR/Content/Devices/OculusTouch/BaseTexture.uasset" 557
"../../../Engine/Plugins/Runtime/OpenXR/Content/Devices/OculusTouch/BaseTexture.uexp" 558
"../../../Engine/Plugins/Runtime/OpenXR/Content/Devices/OculusTouch/BaseTexture.ubulk" 559
"../../../Engine/Plugins/Runtime/OpenXR/Content/Devices/OculusTouch/MI_OculusTouch.uasset" 560
"../../../Engine/Plugins/Runtime/OpenXR/Content/Devices/OculusTouch/MI_OculusTouch.uexp" 561
"../../../Engine/Plugins/Runtime/OpenXR/Content/Devices/OculusTouch/Left/left_OculusTouchController.uasset" 562
"../../../Engine/Plugins/Runtime/OpenXR/Content/Devices/OculusTouch/Left/left_OculusTouchController.uexp" 563
"../../../Engine/Plugins/Runtime/OpenXR/Content/Devices/OculusTouch/Right/right_OculusTouchController.uasset" 564
"../../../Engine/Plugins/Runtime/OpenXR/Content/Devices/OculusTouch/Right/right_OculusTouchController.uexp" 565
"../../../Engine/Plugins/Runtime/OpenXR/Content/Devices/OculusTouch_v2/MRTexture.uasset" 566
"../../../Engine/Plugins/Runtime/OpenXR/Content/Devices/OculusTouch_v2/MRTexture.uexp" 567
"../../../Engine/Plugins/Runtime/OpenXR/Content/Devices/OculusTouch_v2/MRTexture.ubulk" 568
"../../../Engine/Plugins/Runtime/OpenXR/Content/Devices/OculusTouch_v2/BaseTexture.uasset" 569
"../../../Engine/Plugins/Runtime/OpenXR/Content/Devices/OculusTouch_v2/BaseTexture.uexp" 570
"../../../Engine/Plugins/Runtime/OpenXR/Content/Devices/OculusTouch_v2/BaseTexture.ubulk" 571
"../../../Engine/Plugins/Runtime/OpenXR/Content/Devices/OculusTouch_v2/MI_OculusTouch_v2.uasset" 572
"../../../Engine/Plugins/Runtime/OpenXR/Content/Devices/OculusTouch_v2/MI_OculusTouch_v2.uexp" 573
"../../../Engine/Plugins/Runtime/OpenXR/Content/Devices/OculusTouch_v2/Left/left_OculusTouch_v2Controller.uasset" 574
"../../../Engine/Plugins/Runtime/OpenXR/Content/Devices/OculusTouch_v2/Left/left_OculusTouch_v2Controller.uexp" 575
"../../../Engine/Plugins/Runtime/OpenXR/Content/Devices/OculusTouch_v2/Right/right_OculusTouch_v2Controller.uasset" 576
"../../../Engine/Plugins/Runtime/OpenXR/Content/Devices/OculusTouch_v2/Right/right_OculusTouch_v2Controller.uexp" 577
"../../../Engine/Plugins/Runtime/OpenXR/Content/Devices/OculusTouch_v3/MRTexture.uasset" 578
"../../../Engine/Plugins/Runtime/OpenXR/Content/Devices/OculusTouch_v3/MRTexture.uexp" 579
"../../../Engine/Plugins/Runtime/OpenXR/Content/Devices/OculusTouch_v3/MRTexture.ubulk" 580
"../../../Engine/Plugins/Runtime/OpenXR/Content/Devices/OculusTouch_v3/BaseTexture.uasset" 581
"../../../Engine/Plugins/Runtime/OpenXR/Content/Devices/OculusTouch_v3/BaseTexture.uexp" 582
"../../../Engine/Plugins/Runtime/OpenXR/Content/Devices/OculusTouch_v3/BaseTexture.ubulk" 583
"../../../Engine/Plugins/Runtime/OpenXR/Content/Devices/OculusTouch_v3/MI_OculusTouch_v3.uasset" 584
"../../../Engine/Plugins/Runtime/OpenXR/Content/Devices/OculusTouch_v3/MI_OculusTouch_v3.uexp" 585
"../../../Engine/Plugins/Runtime/OpenXR/Content/Devices/OculusTouch_v3/Left/left_OculusTouch_v3Controller.uasset" 586
"../../../Engine/Plugins/Runtime/OpenXR/Content/Devices/OculusTouch_v3/Left/left_OculusTouch_v3Controller.uexp" 587
"../../../Engine/Plugins/Runtime/OpenXR/Content/Devices/OculusTouch_v3/Right/right_OculusTouch_v3Controller.uasset" 588
"../../../Engine/Plugins/Runtime/OpenXR/Content/Devices/OculusTouch_v3/Right/right_OculusTouch_v3Controller.uexp" 589
"../../../Engine/Plugins/Runtime/OpenXR/Content/Devices/ValveIndex/MRTexture.uasset" 590
"../../../Engine/Plugins/Runtime/OpenXR/Content/Devices/ValveIndex/MRTexture.uexp" 591
"../../../Engine/Plugins/Runtime/OpenXR/Content/Devices/ValveIndex/MRTexture.ubulk" 592
"../../../Engine/Plugins/Runtime/OpenXR/Content/Devices/ValveIndex/BaseTexture.uasset" 593
"../../../Engine/Plugins/Runtime/OpenXR/Content/Devices/ValveIndex/BaseTexture.uexp" 594
"../../../Engine/Plugins/Runtime/OpenXR/Content/Devices/ValveIndex/BaseTexture.ubulk" 595
"../../../Engine/Plugins/Runtime/OpenXR/Content/Devices/ValveIndex/Left/MI_left_ValveIndex.uasset" 596
"../../../Engine/Plugins/Runtime/OpenXR/Content/Devices/ValveIndex/Left/MI_left_ValveIndex.uexp" 597
"../../../Engine/Plugins/Runtime/OpenXR/Content/Devices/ValveIndex/Left/left_ValveIndexController.uasset" 598
"../../../Engine/Plugins/Runtime/OpenXR/Content/Devices/ValveIndex/Left/left_ValveIndexController.uexp" 599
"../../../Engine/Plugins/Runtime/OpenXR/Content/Devices/ValveIndex/Right/MI_right_ValveIndex.uasset" 600
"../../../Engine/Plugins/Runtime/OpenXR/Content/Devices/ValveIndex/Right/MI_right_ValveIndex.uexp" 601
"../../../Engine/Plugins/Runtime/OpenXR/Content/Devices/ValveIndex/Right/right_ValveIndexController.uasset" 602
"../../../Engine/Plugins/Runtime/OpenXR/Content/Devices/ValveIndex/Right/right_ValveIndexController.uexp" 603
"../../../Engine/Content/Functions/Engine_MaterialFunctions02/Utility/BreakOutFloat4Components.uasset" 604
"../../../Engine/Content/Functions/Engine_MaterialFunctions02/Utility/BreakOutFloat4Components.uexp" 605
"../../../Engine/Content/Functions/Engine_MaterialFunctions02/Utility/MakeFloat3.uasset" 606
"../../../Engine/Content/Functions/Engine_MaterialFunctions02/Utility/MakeFloat3.uexp" 607
"../../../Engine/Plugins/Runtime/Oculus/OculusVR/Content/Materials/OculusMR_ChromaKey.uasset" 608
"../../../Engine/Plugins/Runtime/Oculus/OculusVR/Content/Materials/OculusMR_ChromaKey.uexp" 609
"../../../Engine/Plugins/Runtime/Oculus/OculusVR/Content/Materials/OculusMR_OpaqueColoredMaterial.uasset" 610
"../../../Engine/Plugins/Runtime/Oculus/OculusVR/Content/Materials/OculusMR_OpaqueColoredMaterial.uexp" 611
"../../../Engine/Plugins/Runtime/Oculus/OculusVR/Content/Materials/PokeAHoleMaterial.uasset" 612
"../../../Engine/Plugins/Runtime/Oculus/OculusVR/Content/Materials/PokeAHoleMaterial.uexp" 613
"../../../Engine/Plugins/Runtime/Oculus/OculusVR/Content/Textures/touchController_controlmap.uasset" 614
"../../../Engine/Plugins/Runtime/Oculus/OculusVR/Content/Textures/touchController_controlmap.uexp" 615
"../../../Engine/Plugins/Runtime/Oculus/OculusVR/Content/Textures/touchController_controlmap.ubulk" 616
"../../../Engine/Plugins/Runtime/Oculus/OculusVR/Content/Textures/touchController_albedo.uasset" 617
"../../../Engine/Plugins/Runtime/Oculus/OculusVR/Content/Textures/touchController_albedo.uexp" 618
"../../../Engine/Plugins/Runtime/Oculus/OculusVR/Content/Textures/touchController_albedo.ubulk" 619
"../../../Engine/Plugins/Runtime/Oculus/OculusVR/Content/Materials/touchController_mat.uasset" 620
"../../../Engine/Plugins/Runtime/Oculus/OculusVR/Content/Materials/touchController_mat.uexp" 621
"../../../Engine/Plugins/Runtime/Oculus/OculusVR/Content/Meshes/LeftTouchController.uasset" 622
"../../../Engine/Plugins/Runtime/Oculus/OculusVR/Content/Meshes/LeftTouchController.uexp" 623
"../../../Engine/Plugins/Runtime/Oculus/OculusVR/Content/Textures/TouchForQuestRiftSController_albedo.uasset" 624
"../../../Engine/Plugins/Runtime/Oculus/OculusVR/Content/Textures/TouchForQuestRiftSController_albedo.uexp" 625
"../../../Engine/Plugins/Runtime/Oculus/OculusVR/Content/Textures/TouchForQuestRiftSController_albedo.ubulk" 626
"../../../Engine/Plugins/Runtime/Oculus/OculusVR/Content/Materials/TouchForQuestRiftSControllerMaterial.uasset" 627
"../../../Engine/Plugins/Runtime/Oculus/OculusVR/Content/Materials/TouchForQuestRiftSControllerMaterial.uexp" 628
"../../../Engine/Plugins/Runtime/Oculus/OculusVR/Content/Meshes/LeftTouchForQuestRiftSController.uasset" 629
"../../../Engine/Plugins/Runtime/Oculus/OculusVR/Content/Meshes/LeftTouchForQuestRiftSController.uexp" 630
"../../../Engine/Plugins/Runtime/Oculus/OculusVR/Content/Meshes/RiftHMD.uasset" 631
"../../../Engine/Plugins/Runtime/Oculus/OculusVR/Content/Meshes/RiftHMD.uexp" 632
"../../../Engine/Plugins/Runtime/Oculus/OculusVR/Content/Meshes/RightTouchController.uasset" 633
"../../../Engine/Plugins/Runtime/Oculus/OculusVR/Content/Meshes/RightTouchController.uexp" 634
"../../../Engine/Plugins/Runtime/Oculus/OculusVR/Content/Meshes/RightTouchForQuestRiftSController.uasset" 635
"../../../Engine/Plugins/Runtime/Oculus/OculusVR/Content/Meshes/RightTouchForQuestRiftSController.uexp" 636
"F:/Git/desarrollo-avanzado-uade/DesarrolloAvanzado/Content/ThirdPerson/Meshes/RampMaterial.uasset" 637
"F:/Git/desarrollo-avanzado-uade/DesarrolloAvanzado/Content/ThirdPerson/Meshes/RampMaterial.uexp" 638
"F:/Git/desarrollo-avanzado-uade/DesarrolloAvanzado/Content/ThirdPerson/Meshes/Ramp_StaticMesh.uasset" 639
"F:/Git/desarrollo-avanzado-uade/DesarrolloAvanzado/Content/ThirdPerson/Meshes/Ramp_StaticMesh.uexp" 640
"../../../Engine/Content/EngineSky/T_Sky_Stars.uasset" 641
"../../../Engine/Content/EngineSky/T_Sky_Stars.uexp" 642
"../../../Engine/Content/EngineSky/T_Sky_Stars.ubulk" 643
"../../../Engine/Content/EngineSky/T_Sky_Clouds_M.uasset" 644
"../../../Engine/Content/EngineSky/T_Sky_Clouds_M.uexp" 645
"../../../Engine/Content/EngineSky/T_Sky_Clouds_M.ubulk" 646
"../../../Engine/Content/EngineSky/T_Sky_Blue.uasset" 647
"../../../Engine/Content/EngineSky/T_Sky_Blue.uexp" 648
"../../../Engine/Content/EngineSky/T_Sky_Blue.ubulk" 649
"../../../Engine/Content/EngineMaterials/DefaultPhysicalMaterial.uasset" 650
"../../../Engine/Content/EngineMaterials/DefaultPhysicalMaterial.uexp" 651
"../../../Engine/Content/BasicShapes/Cone.uasset" 652
"../../../Engine/Content/BasicShapes/Cone.uexp" 653
"../../../Engine/Content/MapTemplates/Materials/BasicAsset01.uasset" 654
"../../../Engine/Content/MapTemplates/Materials/BasicAsset01.uexp" 655
"../../../Engine/Content/EngineSky/M_Sky_Panning_Clouds2.uasset" 656
"../../../Engine/Content/EngineSky/M_Sky_Panning_Clouds2.uexp" 657
"F:/Git/desarrollo-avanzado-uade/DesarrolloAvanzado/Content/Brush_Meshes/SM_Tree.uasset" 658
"F:/Git/desarrollo-avanzado-uade/DesarrolloAvanzado/Content/Brush_Meshes/SM_Tree.uexp" 659
"F:/Git/desarrollo-avanzado-uade/DesarrolloAvanzado/Content/Brush_Meshes/Brush_Tree.uasset" 660
"F:/Git/desarrollo-avanzado-uade/DesarrolloAvanzado/Content/Brush_Meshes/Brush_Tree.uexp" 661
"F:/Git/desarrollo-avanzado-uade/DesarrolloAvanzado/Content/_Main/Prefabs/BP_RiverZone.uasset" 662
"F:/Git/desarrollo-avanzado-uade/DesarrolloAvanzado/Content/_Main/Prefabs/BP_RiverZone.uexp" 663
"F:/Git/desarrollo-avanzado-uade/DesarrolloAvanzado/Content/_Main/Prefabs/BP_Comida.uasset" 664
"F:/Git/desarrollo-avanzado-uade/DesarrolloAvanzado/Content/_Main/Prefabs/BP_Comida.uexp" 665
"F:/Git/desarrollo-avanzado-uade/DesarrolloAvanzado/Content/Geometry/Meshes/1M_Cube.uasset" 666
"F:/Git/desarrollo-avanzado-uade/DesarrolloAvanzado/Content/Geometry/Meshes/1M_Cube.uexp" 667
"F:/Git/desarrollo-avanzado-uade/DesarrolloAvanzado/Content/_Main/Prefabs/BP_BridgeRepair.uasset" 668
"F:/Git/desarrollo-avanzado-uade/DesarrolloAvanzado/Content/_Main/Prefabs/BP_BridgeRepair.uexp" 669
"../../../Engine/Content/EngineSky/SM_SkySphere.uasset" 670
"../../../Engine/Content/EngineSky/SM_SkySphere.uexp" 671
"../../../Engine/Content/EngineSky/C_Sky_Zenith_Color.uasset" 672
"../../../Engine/Content/EngineSky/C_Sky_Zenith_Color.uexp" 673
"../../../Engine/Content/EngineSky/C_Sky_Horizon_Color.uasset" 674
"../../../Engine/Content/EngineSky/C_Sky_Horizon_Color.uexp" 675
"../../../Engine/Content/EngineSky/C_Sky_Cloud_Color.uasset" 676
"../../../Engine/Content/EngineSky/C_Sky_Cloud_Color.uexp" 677
"../../../Engine/Content/EngineSky/BP_Sky_Sphere.uasset" 678
"../../../Engine/Content/EngineSky/BP_Sky_Sphere.uexp" 679
"F:/Git/desarrollo-avanzado-uade/DesarrolloAvanzado/Content/Maps/Forest_Map.uexp" 680
"F:/Git/desarrollo-avanzado-uade/DesarrolloAvanzado/Content/Maps/Forest_Map.ubulk" 681
"F:/Git/desarrollo-avanzado-uade/DesarrolloAvanzado/Content/Maps/Forest_Map.umap" 682
"F:/Git/desarrollo-avanzado-uade/DesarrolloAvanzado/Content/ThirdPerson/Meshes/RightArm_StaticMesh.uasset" 683
"F:/Git/desarrollo-avanzado-uade/DesarrolloAvanzado/Content/ThirdPerson/Meshes/RightArm_StaticMesh.uexp" 684
"F:/Git/desarrollo-avanzado-uade/DesarrolloAvanzado/Content/ThirdPerson/Meshes/Linear_Stair_StaticMesh.uasset" 685
"F:/Git/desarrollo-avanzado-uade/DesarrolloAvanzado/Content/ThirdPerson/Meshes/Linear_Stair_StaticMesh.uexp" 686
"F:/Git/desarrollo-avanzado-uade/DesarrolloAvanzado/Content/ThirdPerson/Meshes/LeftArm_StaticMesh.uasset" 687
"F:/Git/desarrollo-avanzado-uade/DesarrolloAvanzado/Content/ThirdPerson/Meshes/LeftArm_StaticMesh.uexp" 688
"F:/Git/desarrollo-avanzado-uade/DesarrolloAvanzado/Content/ThirdPerson/Meshes/Bump_StaticMesh.uasset" 689
"F:/Git/desarrollo-avanzado-uade/DesarrolloAvanzado/Content/ThirdPerson/Meshes/Bump_StaticMesh.uexp" 690
"F:/Git/desarrollo-avanzado-uade/DesarrolloAvanzado/Content/Geometry/Meshes/TemplateFloor.uasset" 691
"F:/Git/desarrollo-avanzado-uade/DesarrolloAvanzado/Content/Geometry/Meshes/TemplateFloor.uexp" 692
"F:/Git/desarrollo-avanzado-uade/DesarrolloAvanzado/Content/_Main/DayNightCycle/BP_TimeWidget.uasset" 693
"F:/Git/desarrollo-avanzado-uade/DesarrolloAvanzado/Content/_Main/DayNightCycle/BP_TimeWidget.uexp" 694
"F:/Git/desarrollo-avanzado-uade/DesarrolloAvanzado/Content/Maps/ThirdPersonExampleMap.uexp" 695
"F:/Git/desarrollo-avanzado-uade/DesarrolloAvanzado/Content/Maps/ThirdPersonExampleMap.umap" 696
"../../../Engine/Content/TemplateResources/MI_Template_BaseBlue_Metal.uasset" 697
"../../../Engine/Content/TemplateResources/MI_Template_BaseBlue_Metal.uexp" 698
"F:/Git/desarrollo-avanzado-uade/DesarrolloAvanzado/Content/Maps/Forest_Map_FInal_BuiltData.uasset" 699
"F:/Git/desarrollo-avanzado-uade/DesarrolloAvanzado/Content/Maps/Forest_Map_FInal_BuiltData.uexp" 700
"F:/Git/desarrollo-avanzado-uade/DesarrolloAvanzado/Content/Maps/Forest_Map_FInal_BuiltData.ubulk" 701
"F:/Git/desarrollo-avanzado-uade/DesarrolloAvanzado/Content/_Main/Prefabs/BP_TriggerZone.uasset" 702
"F:/Git/desarrollo-avanzado-uade/DesarrolloAvanzado/Content/_Main/Prefabs/BP_TriggerZone.uexp" 703
"F:/Git/desarrollo-avanzado-uade/DesarrolloAvanzado/Content/Mannequin/Character/Mesh/SK_Mannequin_Female_PhysicsAsset.uasset" 704
"F:/Git/desarrollo-avanzado-uade/DesarrolloAvanzado/Content/Mannequin/Character/Mesh/SK_Mannequin_Female_PhysicsAsset.uexp" 705
"F:/Git/desarrollo-avanzado-uade/DesarrolloAvanzado/Content/Mannequin/Character/Textures/T_Female_N.uasset" 706
"F:/Git/desarrollo-avanzado-uade/DesarrolloAvanzado/Content/Mannequin/Character/Textures/T_Female_N.uexp" 707
"F:/Git/desarrollo-avanzado-uade/DesarrolloAvanzado/Content/Mannequin/Character/Textures/T_Female_N.ubulk" 708
"F:/Git/desarrollo-avanzado-uade/DesarrolloAvanzado/Content/Mannequin/Character/Textures/T_Female_Mask.uasset" 709
"F:/Git/desarrollo-avanzado-uade/DesarrolloAvanzado/Content/Mannequin/Character/Textures/T_Female_Mask.uexp" 710
"F:/Git/desarrollo-avanzado-uade/DesarrolloAvanzado/Content/Mannequin/Character/Textures/T_Female_Mask.ubulk" 711
"F:/Git/desarrollo-avanzado-uade/DesarrolloAvanzado/Content/Mannequin/Character/Materials/MI_Female_Body.uasset" 712
"F:/Git/desarrollo-avanzado-uade/DesarrolloAvanzado/Content/Mannequin/Character/Materials/MI_Female_Body.uexp" 713
"F:/Git/desarrollo-avanzado-uade/DesarrolloAvanzado/Content/Mannequin/Character/Mesh/SK_Mannequin_Female.uasset" 714
"F:/Git/desarrollo-avanzado-uade/DesarrolloAvanzado/Content/Mannequin/Character/Mesh/SK_Mannequin_Female.uexp" 715
"F:/Git/desarrollo-avanzado-uade/DesarrolloAvanzado/Content/_Main/Prefabs/Test.uasset" 716
"F:/Git/desarrollo-avanzado-uade/DesarrolloAvanzado/Content/_Main/Prefabs/Test.uexp" 717
"F:/Git/desarrollo-avanzado-uade/DesarrolloAvanzado/Content/Maps/Forest_Map_FInal.uexp" 718
"F:/Git/desarrollo-avanzado-uade/DesarrolloAvanzado/Content/Maps/Forest_Map_FInal.ubulk" 719
"F:/Git/desarrollo-avanzado-uade/DesarrolloAvanzado/Content/Maps/Forest_Map_FInal.umap" 720
